<?xml version="1.0" encoding="UTF-8"?>
<!-- Generated by org.testng.reporters.JUnitXMLReporter -->
<testsuite ignored="2" hostname="LAPTOP-AQVMU76Q" failures="1" tests="1" name="Default test(failed)" time="0.056" errors="0" timestamp="07 Apr 2025 18:23:39 GMT">
  <testcase classname="org.rev.Validation_Assertion" name="user" time="0.019">
    <failure type="java.lang.AssertionError" message="expected [monisha] but found [Monisha]">
      <![CDATA[java.lang.AssertionError: expected [monisha] but found [Monisha]
	at org.rev.Validation_Assertion.user(Validation_Assertion.java:12)
... Removed 29 stack frames]]>
    </failure>
  </testcase> <!-- user -->
  <testcase classname="org.rev.Validation_Assertion" name="pass" time="0.0">
    <ignored/>
  </testcase> <!-- pass -->
  <testcase classname="org.rev.Validation_Assertion" name="login" time="0.0">
    <ignored/>
  </testcase> <!-- login -->
</testsuite> <!-- Default test(failed) -->
