<?xml version="1.0" encoding="UTF-8"?>
<!-- Generated by org.testng.reporters.JUnitXMLReporter -->
<testsuite ignored="0" hostname="LAPTOP-AQVMU76Q" failures="0" tests="3" name="Parameter Test" time="0.048" errors="0" timestamp="07 Apr 2025 16:55:50 GMT">
  <testcase classname="org.rev.ParameterEx" name="test" time="0.015"/>
  <testcase classname="org.rev.ParameterEx" name="test2" time="0.003"/>
  <testcase classname="org.rev.ParameterEx" name="test3" time="0.002"/>
</testsuite> <!-- Parameter Test -->
