<?xml version="1.0" encoding="UTF-8"?>
<!-- Generated by org.testng.reporters.JUnitXMLReporter -->
<testsuite ignored="0" hostname="LAPTOP-AQVMU76Q" failures="1" tests="3" name="Test" time="0.382" errors="0" timestamp="08 Apr 2025 13:44:51 GMT">
  <testcase classname="org.extent.Test_One" name="login" time="0.023"/>
  <testcase classname="org.extent.Test_One" name="pass" time="0.003"/>
  <testcase classname="org.extent.Test_One" name="user" time="0.015">
    <failure type="java.lang.AssertionError" message="expected [false] but found [true]">
      <![CDATA[java.lang.AssertionError: expected [false] but found [true]
	at org.extent.Test_One.user(Test_One.java:14)
... Removed 27 stack frames]]>
    </failure>
  </testcase> <!-- user -->
</testsuite> <!-- Test -->
