<?xml version="1.0" encoding="UTF-8"?>
<testng-results ignored="0" total="2" passed="2" failed="0" skipped="0">
  <reporter-output>
  </reporter-output>
  <suite started-at="2025-04-08T15:40:17Z" name="Default suite" finished-at="2025-04-08T15:40:17Z" duration-ms="600">
    <groups>
    </groups>
    <test started-at="2025-04-08T15:40:17Z" name="Default test" finished-at="2025-04-08T15:40:17Z" duration-ms="600">
      <class name="org.rev.DataProvider_Rev">
        <test-method signature="test1(java.lang.String, java.lang.String)[pri:0, instance:org.rev.DataProvider_Rev@5276d6ee]" started-at="2025-04-08T21:10:17Z" name="test1" data-provider="getdata" finished-at="2025-04-08T21:10:17Z" duration-ms="15" status="PASS">
          <params>
            <param index="0">
              <value>
                <![CDATA[monisha]]>
              </value>
            </param>
            <param index="1">
              <value>
                <![CDATA[moni@123]]>
              </value>
            </param>
          </params>
          <reporter-output>
          </reporter-output>
        </test-method> <!-- test1 -->
        <test-method signature="test1(java.lang.String, java.lang.String)[pri:0, instance:org.rev.DataProvider_Rev@5276d6ee]" started-at="2025-04-08T21:10:17Z" name="test1" data-provider="getdata" finished-at="2025-04-08T21:10:17Z" duration-ms="3" status="PASS">
          <params>
            <param index="0">
              <value>
                <![CDATA[moni]]>
              </value>
            </param>
            <param index="1">
              <value>
                <![CDATA[moni@12345]]>
              </value>
            </param>
          </params>
          <reporter-output>
          </reporter-output>
        </test-method> <!-- test1 -->
      </class> <!-- org.rev.DataProvider_Rev -->
    </test> <!-- Default test -->
  </suite> <!-- Default suite -->
</testng-results>
